2023-04-08 14:20:14 r.n.n.NetologyDiplomaApplicationTests - Starting NetologyDiplomaApplicationTests using Java 11.0.14.1 on DESKTOP-UN6PAES with PID 15204 (started by Дарина in D:\kolia\JAVA\homeWork\netologyDiploma)
2023-04-08 14:20:15 r.n.n.NetologyDiplomaApplicationTests - No active profile set, falling back to 1 default profile: "default"
2023-04-08 14:20:17 o.a.catalina.core.StandardService - Starting service [Tomcat]
2023-04-08 14:20:17 o.a.catalina.core.StandardEngine - Starting Servlet engine: [Apache Tomcat/9.0.71]
2023-04-08 14:20:18 o.a.c.c.C.[Tomcat].[localhost].[/] - Initializing Spring embedded WebApplicationContext
2023-04-08 14:20:19 com.zaxxer.hikari.HikariDataSource - HikariPool-1 - Starting...
2023-04-08 14:20:20 com.zaxxer.hikari.HikariDataSource - HikariPool-1 - Start completed.
2023-04-08 14:20:20 liquibase.lockservice - Successfully acquired change log lock
2023-04-08 14:20:21 liquibase.changelog - Reading from diplom.DATABASECHANGELOG
2023-04-08 14:20:21 liquibase.lockservice - Successfully released change log lock
2023-04-08 14:20:21 o.h.jpa.internal.util.LogHelper - HHH000204: Processing PersistenceUnitInfo [name: default]
2023-04-08 14:20:21 org.hibernate.Version - HHH000412: Hibernate ORM core version 5.6.14.Final
2023-04-08 14:20:22 o.h.annotations.common.Version - HCANN000001: Hibernate Commons Annotations {5.1.2.Final}
2023-04-08 14:20:22 org.hibernate.dialect.Dialect - HHH000400: Using dialect: org.hibernate.dialect.MySQLDialect
2023-04-08 14:20:23 o.h.e.t.j.p.i.JtaPlatformInitiator - HHH000490: Using JtaPlatform implementation: [org.hibernate.engine.transaction.jta.platform.internal.NoJtaPlatform]
2023-04-08 14:20:27 r.n.n.NetologyDiplomaApplicationTests - Started NetologyDiplomaApplicationTests in 13.245 seconds (JVM running for 22.75)
2023-04-08 14:20:28 docker[docker/compose:1.29.2] - Creating container for image: docker/compose:1.29.2
2023-04-08 14:20:28 docker[docker/compose:1.29.2] - Unable to mount a file from test host into a running container. This may be a misconfiguration or limitation of your Docker environment. Some features might not work.
2023-04-08 14:20:28 docker[docker/compose:1.29.2] - Starting container with ID: 8b175f5f47e33042691d97fcd011937ad45c6a1419afae0ca51c04c02da6d06d
2023-04-08 14:20:29 docker[docker/compose:1.29.2] - Container docker/compose:1.29.2 is starting: 8b175f5f47e33042691d97fcd011937ad45c6a1419afae0ca51c04c02da6d06d
2023-04-08 14:20:34 docker[docker/compose:1.29.2] - Container docker/compose:1.29.2 started in PT5.8789642S
2023-04-08 14:20:34 docker[docker/compose:1.29.2] - Docker Compose container is running for command: down -v
2023-04-08 14:20:34 docker[docker/compose:1.29.2] - STDERR: Stopping 3v9fjuven44m_server_1   ... 
2023-04-08 14:20:34 docker[docker/compose:1.29.2] - STDERR: Stopping 3v9fjuven44m_database_1 ... 
2023-04-08 14:20:34 docker[docker/compose:1.29.2] - STDERR: Stopping 3v9fjuven44m_server_1   ... done
2023-04-08 14:20:34 docker[docker/compose:1.29.2] - STDERR: Stopping 3v9fjuven44m_database_1 ... done
2023-04-08 14:20:34 docker[docker/compose:1.29.2] - STDERR: Removing 3v9fjuven44m_server_1   ... 
2023-04-08 14:20:34 docker[docker/compose:1.29.2] - STDERR: Removing 3v9fjuven44m_database_1 ... 
2023-04-08 14:20:34 docker[docker/compose:1.29.2] - STDERR: Removing 3v9fjuven44m_database_1 ... done
2023-04-08 14:20:34 docker[docker/compose:1.29.2] - STDERR: Removing 3v9fjuven44m_server_1   ... done
2023-04-08 14:20:34 docker[docker/compose:1.29.2] - STDERR: Removing network 3v9fjuven44m_default
2023-04-08 14:20:34 docker[docker/compose:1.29.2] - Docker Compose has finished running
2023-04-08 14:20:34 com.zaxxer.hikari.HikariDataSource - HikariPool-1 - Shutdown initiated...
2023-04-08 14:20:34 com.zaxxer.hikari.HikariDataSource - HikariPool-1 - Shutdown completed.
2023-04-08 14:26:43 r.n.n.NetologyDiplomaApplicationTests - Starting NetologyDiplomaApplicationTests using Java 11.0.14.1 on DESKTOP-UN6PAES with PID 15244 (started by Дарина in D:\kolia\JAVA\homeWork\netologyDiploma)
2023-04-08 14:26:43 r.n.n.NetologyDiplomaApplicationTests - No active profile set, falling back to 1 default profile: "default"
2023-04-08 14:26:45 o.a.catalina.core.StandardService - Starting service [Tomcat]
2023-04-08 14:26:45 o.a.catalina.core.StandardEngine - Starting Servlet engine: [Apache Tomcat/9.0.71]
2023-04-08 14:26:46 o.a.c.c.C.[Tomcat].[localhost].[/] - Initializing Spring embedded WebApplicationContext
2023-04-08 14:26:46 com.zaxxer.hikari.HikariDataSource - HikariPool-1 - Starting...
2023-04-08 14:26:47 com.zaxxer.hikari.HikariDataSource - HikariPool-1 - Start completed.
2023-04-08 14:26:48 liquibase.lockservice - Successfully acquired change log lock
2023-04-08 14:26:48 liquibase.changelog - Reading from diplom.DATABASECHANGELOG
2023-04-08 14:26:48 liquibase.lockservice - Successfully released change log lock
2023-04-08 14:26:49 o.h.jpa.internal.util.LogHelper - HHH000204: Processing PersistenceUnitInfo [name: default]
2023-04-08 14:26:49 org.hibernate.Version - HHH000412: Hibernate ORM core version 5.6.14.Final
2023-04-08 14:26:49 o.h.annotations.common.Version - HCANN000001: Hibernate Commons Annotations {5.1.2.Final}
2023-04-08 14:26:49 org.hibernate.dialect.Dialect - HHH000400: Using dialect: org.hibernate.dialect.MySQLDialect
2023-04-08 14:26:50 o.h.e.t.j.p.i.JtaPlatformInitiator - HHH000490: Using JtaPlatform implementation: [org.hibernate.engine.transaction.jta.platform.internal.NoJtaPlatform]
2023-04-08 14:26:53 r.n.n.NetologyDiplomaApplicationTests - Started NetologyDiplomaApplicationTests in 10.811 seconds (JVM running for 17.813)
2023-04-08 14:26:54 docker[docker/compose:1.29.2] - Creating container for image: docker/compose:1.29.2
2023-04-08 14:26:54 docker[docker/compose:1.29.2] - Unable to mount a file from test host into a running container. This may be a misconfiguration or limitation of your Docker environment. Some features might not work.
2023-04-08 14:26:54 docker[docker/compose:1.29.2] - Starting container with ID: e6be1a6e7ec25cc9cc55392c50d7a58b9d79f58c38291288c6c9360d12a2c825
2023-04-08 14:26:54 docker[docker/compose:1.29.2] - Container docker/compose:1.29.2 is starting: e6be1a6e7ec25cc9cc55392c50d7a58b9d79f58c38291288c6c9360d12a2c825
2023-04-08 14:27:00 docker[docker/compose:1.29.2] - Container docker/compose:1.29.2 started in PT6.4400767S
2023-04-08 14:27:00 docker[docker/compose:1.29.2] - Docker Compose container is running for command: down -v
2023-04-08 14:27:00 docker[docker/compose:1.29.2] - STDERR: Stopping f1g3in3jhhaq_server_1   ... 
2023-04-08 14:27:00 docker[docker/compose:1.29.2] - STDERR: Stopping f1g3in3jhhaq_database_1 ... 
2023-04-08 14:27:00 docker[docker/compose:1.29.2] - STDERR: Stopping f1g3in3jhhaq_server_1   ... done
2023-04-08 14:27:00 docker[docker/compose:1.29.2] - STDERR: Stopping f1g3in3jhhaq_database_1 ... done
2023-04-08 14:27:00 docker[docker/compose:1.29.2] - STDERR: Removing f1g3in3jhhaq_server_1   ... 
2023-04-08 14:27:00 docker[docker/compose:1.29.2] - STDERR: Removing f1g3in3jhhaq_database_1 ... 
2023-04-08 14:27:00 docker[docker/compose:1.29.2] - STDERR: Removing f1g3in3jhhaq_database_1 ... done
2023-04-08 14:27:00 docker[docker/compose:1.29.2] - STDERR: Removing f1g3in3jhhaq_server_1   ... done
2023-04-08 14:27:00 docker[docker/compose:1.29.2] - STDERR: Removing network f1g3in3jhhaq_default
2023-04-08 14:27:00 docker[docker/compose:1.29.2] - Docker Compose has finished running
2023-04-08 14:27:00 com.zaxxer.hikari.HikariDataSource - HikariPool-1 - Shutdown initiated...
2023-04-08 14:27:00 com.zaxxer.hikari.HikariDataSource - HikariPool-1 - Shutdown completed.
2023-04-08 14:27:33 r.n.n.NetologyDiplomaApplicationTests - Starting NetologyDiplomaApplicationTests using Java 11.0.14.1 on DESKTOP-UN6PAES with PID 4800 (started by Дарина in D:\kolia\JAVA\homeWork\netologyDiploma)
2023-04-08 14:27:33 r.n.n.NetologyDiplomaApplicationTests - No active profile set, falling back to 1 default profile: "default"
2023-04-08 14:27:35 o.a.catalina.core.StandardService - Starting service [Tomcat]
2023-04-08 14:27:35 o.a.catalina.core.StandardEngine - Starting Servlet engine: [Apache Tomcat/9.0.71]
2023-04-08 14:27:35 o.a.c.c.C.[Tomcat].[localhost].[/] - Initializing Spring embedded WebApplicationContext
2023-04-08 14:27:36 com.zaxxer.hikari.HikariDataSource - HikariPool-1 - Starting...
2023-04-08 14:27:36 com.zaxxer.hikari.HikariDataSource - HikariPool-1 - Start completed.
2023-04-08 14:27:37 liquibase.lockservice - Successfully acquired change log lock
2023-04-08 14:27:37 liquibase.changelog - Reading from diplom.DATABASECHANGELOG
2023-04-08 14:27:37 liquibase.lockservice - Successfully released change log lock
2023-04-08 14:27:38 o.h.jpa.internal.util.LogHelper - HHH000204: Processing PersistenceUnitInfo [name: default]
2023-04-08 14:27:38 org.hibernate.Version - HHH000412: Hibernate ORM core version 5.6.14.Final
2023-04-08 14:27:38 o.h.annotations.common.Version - HCANN000001: Hibernate Commons Annotations {5.1.2.Final}
2023-04-08 14:27:38 org.hibernate.dialect.Dialect - HHH000400: Using dialect: org.hibernate.dialect.MySQLDialect
2023-04-08 14:27:39 o.h.e.t.j.p.i.JtaPlatformInitiator - HHH000490: Using JtaPlatform implementation: [org.hibernate.engine.transaction.jta.platform.internal.NoJtaPlatform]
2023-04-08 14:27:43 r.n.n.NetologyDiplomaApplicationTests - Started NetologyDiplomaApplicationTests in 10.999 seconds (JVM running for 19.954)
2023-04-08 14:27:44 docker[docker/compose:1.29.2] - Creating container for image: docker/compose:1.29.2
2023-04-08 14:27:44 docker[docker/compose:1.29.2] - Unable to mount a file from test host into a running container. This may be a misconfiguration or limitation of your Docker environment. Some features might not work.
2023-04-08 14:27:44 docker[docker/compose:1.29.2] - Starting container with ID: 30f9282a1415c642c9d9da974795c19caa66b008669b743a5a5a637425acac6b
2023-04-08 14:27:44 docker[docker/compose:1.29.2] - Container docker/compose:1.29.2 is starting: 30f9282a1415c642c9d9da974795c19caa66b008669b743a5a5a637425acac6b
2023-04-08 14:27:50 docker[docker/compose:1.29.2] - Container docker/compose:1.29.2 started in PT6.0472411S
2023-04-08 14:27:50 docker[docker/compose:1.29.2] - Docker Compose container is running for command: down -v
2023-04-08 14:27:50 docker[docker/compose:1.29.2] - STDERR: Stopping xjbbbsi9ievc_server_1   ... 
2023-04-08 14:27:50 docker[docker/compose:1.29.2] - STDERR: Stopping xjbbbsi9ievc_database_1 ... 
2023-04-08 14:27:50 docker[docker/compose:1.29.2] - STDERR: Stopping xjbbbsi9ievc_server_1   ... done
2023-04-08 14:27:50 docker[docker/compose:1.29.2] - STDERR: Stopping xjbbbsi9ievc_database_1 ... done
2023-04-08 14:27:50 docker[docker/compose:1.29.2] - STDERR: Removing xjbbbsi9ievc_server_1   ... 
2023-04-08 14:27:50 docker[docker/compose:1.29.2] - STDERR: Removing xjbbbsi9ievc_database_1 ... 
2023-04-08 14:27:50 docker[docker/compose:1.29.2] - STDERR: Removing xjbbbsi9ievc_server_1   ... done
2023-04-08 14:27:50 docker[docker/compose:1.29.2] - STDERR: Removing xjbbbsi9ievc_database_1 ... done
2023-04-08 14:27:50 docker[docker/compose:1.29.2] - STDERR: Removing network xjbbbsi9ievc_default
2023-04-08 14:27:50 docker[docker/compose:1.29.2] - Docker Compose has finished running
2023-04-08 14:27:50 com.zaxxer.hikari.HikariDataSource - HikariPool-1 - Shutdown initiated...
2023-04-08 14:27:50 com.zaxxer.hikari.HikariDataSource - HikariPool-1 - Shutdown completed.
2023-04-08 15:11:10 r.n.n.NetologyDiplomaApplicationTests - Starting NetologyDiplomaApplicationTests using Java 11.0.14.1 on DESKTOP-UN6PAES with PID 9088 (started by Дарина in D:\kolia\JAVA\homeWork\netologyDiploma)
2023-04-08 15:11:10 r.n.n.NetologyDiplomaApplicationTests - No active profile set, falling back to 1 default profile: "default"
2023-04-08 15:11:13 o.a.catalina.core.StandardService - Starting service [Tomcat]
2023-04-08 15:11:13 o.a.catalina.core.StandardEngine - Starting Servlet engine: [Apache Tomcat/9.0.71]
2023-04-08 15:11:13 o.a.c.c.C.[Tomcat].[localhost].[/] - Initializing Spring embedded WebApplicationContext
2023-04-08 15:11:14 com.zaxxer.hikari.HikariDataSource - HikariPool-1 - Starting...
2023-04-08 15:11:14 com.zaxxer.hikari.HikariDataSource - HikariPool-1 - Start completed.
2023-04-08 15:11:15 liquibase.lockservice - Successfully acquired change log lock
2023-04-08 15:11:15 liquibase.changelog - Reading from diplom.DATABASECHANGELOG
2023-04-08 15:11:15 liquibase.lockservice - Successfully released change log lock
2023-04-08 15:11:16 o.h.jpa.internal.util.LogHelper - HHH000204: Processing PersistenceUnitInfo [name: default]
2023-04-08 15:11:16 org.hibernate.Version - HHH000412: Hibernate ORM core version 5.6.14.Final
2023-04-08 15:11:16 o.h.annotations.common.Version - HCANN000001: Hibernate Commons Annotations {5.1.2.Final}
2023-04-08 15:11:16 org.hibernate.dialect.Dialect - HHH000400: Using dialect: org.hibernate.dialect.MySQLDialect
2023-04-08 15:11:17 o.h.e.t.j.p.i.JtaPlatformInitiator - HHH000490: Using JtaPlatform implementation: [org.hibernate.engine.transaction.jta.platform.internal.NoJtaPlatform]
2023-04-08 15:11:22 r.n.n.NetologyDiplomaApplicationTests - Started NetologyDiplomaApplicationTests in 12.221 seconds (JVM running for 21.217)
2023-04-08 15:11:23 docker[docker/compose:1.29.2] - Creating container for image: docker/compose:1.29.2
2023-04-08 15:11:23 docker[docker/compose:1.29.2] - Unable to mount a file from test host into a running container. This may be a misconfiguration or limitation of your Docker environment. Some features might not work.
2023-04-08 15:11:23 docker[docker/compose:1.29.2] - Starting container with ID: 9637808062f4a1ef06cba9fe85e0205b4bc1bd73b17e7090895fc85fe6ae84dc
2023-04-08 15:11:23 docker[docker/compose:1.29.2] - Container docker/compose:1.29.2 is starting: 9637808062f4a1ef06cba9fe85e0205b4bc1bd73b17e7090895fc85fe6ae84dc
2023-04-08 15:11:29 docker[docker/compose:1.29.2] - Container docker/compose:1.29.2 started in PT6.0645741S
2023-04-08 15:11:29 docker[docker/compose:1.29.2] - Docker Compose container is running for command: down -v
2023-04-08 15:11:29 docker[docker/compose:1.29.2] - STDERR: Stopping fxwrco7lfbcp_server_1   ... 
2023-04-08 15:11:29 docker[docker/compose:1.29.2] - STDERR: Stopping fxwrco7lfbcp_database_1 ... 
2023-04-08 15:11:29 docker[docker/compose:1.29.2] - STDERR: Stopping fxwrco7lfbcp_server_1   ... done
2023-04-08 15:11:29 docker[docker/compose:1.29.2] - STDERR: Stopping fxwrco7lfbcp_database_1 ... done
2023-04-08 15:11:29 docker[docker/compose:1.29.2] - STDERR: Removing fxwrco7lfbcp_server_1   ... 
2023-04-08 15:11:29 docker[docker/compose:1.29.2] - STDERR: Removing fxwrco7lfbcp_database_1 ... 
2023-04-08 15:11:29 docker[docker/compose:1.29.2] - STDERR: Removing fxwrco7lfbcp_database_1 ... done
2023-04-08 15:11:29 docker[docker/compose:1.29.2] - STDERR: Removing fxwrco7lfbcp_server_1   ... done
2023-04-08 15:11:29 docker[docker/compose:1.29.2] - STDERR: Removing network fxwrco7lfbcp_default
2023-04-08 15:11:29 docker[docker/compose:1.29.2] - Docker Compose has finished running
2023-04-08 15:11:29 com.zaxxer.hikari.HikariDataSource - HikariPool-1 - Shutdown initiated...
2023-04-08 15:11:29 com.zaxxer.hikari.HikariDataSource - HikariPool-1 - Shutdown completed.
2023-04-08 15:19:13 r.n.n.NetologyDiplomaApplicationTests - Starting NetologyDiplomaApplicationTests using Java 11.0.14.1 on DESKTOP-UN6PAES with PID 5392 (started by Дарина in D:\kolia\JAVA\homeWork\netologyDiploma)
2023-04-08 15:19:13 r.n.n.NetologyDiplomaApplicationTests - No active profile set, falling back to 1 default profile: "default"
2023-04-08 15:19:16 o.a.catalina.core.StandardService - Starting service [Tomcat]
2023-04-08 15:19:16 o.a.catalina.core.StandardEngine - Starting Servlet engine: [Apache Tomcat/9.0.71]
2023-04-08 15:19:16 o.a.c.c.C.[Tomcat].[localhost].[/] - Initializing Spring embedded WebApplicationContext
2023-04-08 15:19:17 com.zaxxer.hikari.HikariDataSource - HikariPool-1 - Starting...
2023-04-08 15:19:17 com.zaxxer.hikari.HikariDataSource - HikariPool-1 - Start completed.
2023-04-08 15:19:18 liquibase.lockservice - Waiting for changelog lock....
2023-04-08 15:19:28 liquibase.lockservice - Successfully acquired change log lock
2023-04-08 15:19:28 liquibase.changelog - Reading from diplom.DATABASECHANGELOG
2023-04-08 15:19:29 liquibase.lockservice - Successfully released change log lock
2023-04-08 15:19:29 o.h.jpa.internal.util.LogHelper - HHH000204: Processing PersistenceUnitInfo [name: default]
2023-04-08 15:19:29 org.hibernate.Version - HHH000412: Hibernate ORM core version 5.6.14.Final
2023-04-08 15:19:29 o.h.annotations.common.Version - HCANN000001: Hibernate Commons Annotations {5.1.2.Final}
2023-04-08 15:19:29 org.hibernate.dialect.Dialect - HHH000400: Using dialect: org.hibernate.dialect.MySQLDialect
2023-04-08 15:19:30 o.h.e.t.j.p.i.JtaPlatformInitiator - HHH000490: Using JtaPlatform implementation: [org.hibernate.engine.transaction.jta.platform.internal.NoJtaPlatform]
2023-04-08 15:19:32 r.n.n.NetologyDiplomaApplicationTests - Started NetologyDiplomaApplicationTests in 19.921 seconds (JVM running for 27.193)
2023-04-08 15:19:33 docker[docker-compose.exe] - Local Docker Compose is running command: down -v
2023-04-08 15:19:34 docker[docker-compose.exe] - Container vryr7kjcdklf-server-1  Stopping
2023-04-08 15:19:34 docker[docker-compose.exe] - Container vryr7kjcdklf-server-1  Stopping
2023-04-08 15:19:34 docker[docker-compose.exe] - Container vryr7kjcdklf-server-1  Stopped
2023-04-08 15:19:34 docker[docker-compose.exe] - Container vryr7kjcdklf-server-1  Removing
2023-04-08 15:19:34 docker[docker-compose.exe] - Container vryr7kjcdklf-server-1  Removed
2023-04-08 15:19:34 docker[docker-compose.exe] - Container vryr7kjcdklf-database-1  Stopping
2023-04-08 15:19:34 docker[docker-compose.exe] - Container vryr7kjcdklf-database-1  Stopping
2023-04-08 15:19:37 docker[docker-compose.exe] - Container vryr7kjcdklf-database-1  Stopped
2023-04-08 15:19:37 docker[docker-compose.exe] - Container vryr7kjcdklf-database-1  Removing
2023-04-08 15:19:37 docker[docker-compose.exe] - Container vryr7kjcdklf-database-1  Removed
2023-04-08 15:19:37 docker[docker-compose.exe] - Network vryr7kjcdklf_default  Removing
2023-04-08 15:19:38 docker[docker-compose.exe] - Network vryr7kjcdklf_default  Removed
2023-04-08 15:19:38 docker[docker-compose.exe] - Docker Compose has finished running
2023-04-08 15:19:38 com.zaxxer.hikari.HikariDataSource - HikariPool-1 - Shutdown initiated...
2023-04-08 15:19:38 com.zaxxer.hikari.HikariDataSource - HikariPool-1 - Shutdown completed.
2023-04-08 15:19:51 r.n.n.NetologyDiplomaApplicationTests - Starting NetologyDiplomaApplicationTests using Java 11.0.14.1 on DESKTOP-UN6PAES with PID 18324 (started by Дарина in D:\kolia\JAVA\homeWork\netologyDiploma)
2023-04-08 15:19:51 r.n.n.NetologyDiplomaApplicationTests - No active profile set, falling back to 1 default profile: "default"
2023-04-08 15:19:54 o.a.catalina.core.StandardService - Starting service [Tomcat]
2023-04-08 15:19:54 o.a.catalina.core.StandardEngine - Starting Servlet engine: [Apache Tomcat/9.0.71]
2023-04-08 15:19:54 o.a.c.c.C.[Tomcat].[localhost].[/] - Initializing Spring embedded WebApplicationContext
2023-04-08 15:19:55 com.zaxxer.hikari.HikariDataSource - HikariPool-1 - Starting...
2023-04-08 15:19:55 com.zaxxer.hikari.HikariDataSource - HikariPool-1 - Start completed.
2023-04-08 15:19:56 liquibase.lockservice - Successfully acquired change log lock
2023-04-08 15:19:57 liquibase.changelog - Reading from diplom.DATABASECHANGELOG
2023-04-08 15:19:57 liquibase.lockservice - Successfully released change log lock
2023-04-08 15:19:57 o.h.jpa.internal.util.LogHelper - HHH000204: Processing PersistenceUnitInfo [name: default]
2023-04-08 15:19:57 org.hibernate.Version - HHH000412: Hibernate ORM core version 5.6.14.Final
2023-04-08 15:19:58 o.h.annotations.common.Version - HCANN000001: Hibernate Commons Annotations {5.1.2.Final}
2023-04-08 15:19:58 org.hibernate.dialect.Dialect - HHH000400: Using dialect: org.hibernate.dialect.MySQLDialect
2023-04-08 15:19:59 o.h.e.t.j.p.i.JtaPlatformInitiator - HHH000490: Using JtaPlatform implementation: [org.hibernate.engine.transaction.jta.platform.internal.NoJtaPlatform]
2023-04-08 15:20:02 r.n.n.NetologyDiplomaApplicationTests - Started NetologyDiplomaApplicationTests in 11.582 seconds (JVM running for 16.866)
2023-04-08 15:20:03 docker[docker-compose.exe] - Local Docker Compose is running command: down -v
2023-04-08 15:20:03 docker[docker-compose.exe] - Container wgyv5ksrsqst-server-1  Stopping
2023-04-08 15:20:03 docker[docker-compose.exe] - Container wgyv5ksrsqst-server-1  Stopping
2023-04-08 15:20:06 docker[docker-compose.exe] - Container wgyv5ksrsqst-server-1  Stopped
2023-04-08 15:20:06 docker[docker-compose.exe] - Container wgyv5ksrsqst-server-1  Removing
2023-04-08 15:20:06 docker[docker-compose.exe] - Container wgyv5ksrsqst-server-1  Removed
2023-04-08 15:20:06 docker[docker-compose.exe] - Container wgyv5ksrsqst-database-1  Stopping
2023-04-08 15:20:06 docker[docker-compose.exe] - Container wgyv5ksrsqst-database-1  Stopping
2023-04-08 15:20:10 docker[docker-compose.exe] - Container wgyv5ksrsqst-database-1  Stopped
2023-04-08 15:20:10 docker[docker-compose.exe] - Container wgyv5ksrsqst-database-1  Removing
2023-04-08 15:20:10 docker[docker-compose.exe] - Container wgyv5ksrsqst-database-1  Removed
2023-04-08 15:20:10 docker[docker-compose.exe] - Network wgyv5ksrsqst_default  Removing
2023-04-08 15:20:10 docker[docker-compose.exe] - Network wgyv5ksrsqst_default  Removed
2023-04-08 15:20:10 docker[docker-compose.exe] - Docker Compose has finished running
2023-04-08 15:20:10 com.zaxxer.hikari.HikariDataSource - HikariPool-1 - Shutdown initiated...
2023-04-08 15:20:10 com.zaxxer.hikari.HikariDataSource - HikariPool-1 - Shutdown completed.
2023-04-08 15:24:23 r.n.n.NetologyDiplomaApplicationTests - Starting NetologyDiplomaApplicationTests using Java 11.0.14.1 on DESKTOP-UN6PAES with PID 11636 (started by Дарина in D:\kolia\JAVA\homeWork\netologyDiploma)
2023-04-08 15:24:23 r.n.n.NetologyDiplomaApplicationTests - No active profile set, falling back to 1 default profile: "default"
2023-04-08 15:24:25 o.a.catalina.core.StandardService - Starting service [Tomcat]
2023-04-08 15:24:25 o.a.catalina.core.StandardEngine - Starting Servlet engine: [Apache Tomcat/9.0.71]
2023-04-08 15:24:26 o.a.c.c.C.[Tomcat].[localhost].[/] - Initializing Spring embedded WebApplicationContext
2023-04-08 15:24:26 com.zaxxer.hikari.HikariDataSource - HikariPool-1 - Starting...
2023-04-08 15:24:27 com.zaxxer.hikari.HikariDataSource - HikariPool-1 - Start completed.
2023-04-08 15:24:27 liquibase.lockservice - Successfully acquired change log lock
2023-04-08 15:24:28 liquibase.changelog - Reading from diplom.DATABASECHANGELOG
2023-04-08 15:24:28 liquibase.lockservice - Successfully released change log lock
2023-04-08 15:24:28 o.h.jpa.internal.util.LogHelper - HHH000204: Processing PersistenceUnitInfo [name: default]
2023-04-08 15:24:28 org.hibernate.Version - HHH000412: Hibernate ORM core version 5.6.14.Final
2023-04-08 15:24:29 o.h.annotations.common.Version - HCANN000001: Hibernate Commons Annotations {5.1.2.Final}
2023-04-08 15:24:29 org.hibernate.dialect.Dialect - HHH000400: Using dialect: org.hibernate.dialect.MySQLDialect
2023-04-08 15:24:30 o.h.e.t.j.p.i.JtaPlatformInitiator - HHH000490: Using JtaPlatform implementation: [org.hibernate.engine.transaction.jta.platform.internal.NoJtaPlatform]
2023-04-08 15:24:34 r.n.n.NetologyDiplomaApplicationTests - Started NetologyDiplomaApplicationTests in 11.482 seconds (JVM running for 20.286)
2023-04-08 15:24:35 docker[docker/compose:1.29.2] - Creating container for image: docker/compose:1.29.2
2023-04-08 15:24:35 docker[docker/compose:1.29.2] - Unable to mount a file from test host into a running container. This may be a misconfiguration or limitation of your Docker environment. Some features might not work.
2023-04-08 15:24:35 docker[docker/compose:1.29.2] - Starting container with ID: 9bd9236ff5123d25437b904ce891c3d26e418e4f0ea037e36780eebefb13d226
2023-04-08 15:24:35 docker[docker/compose:1.29.2] - Container docker/compose:1.29.2 is starting: 9bd9236ff5123d25437b904ce891c3d26e418e4f0ea037e36780eebefb13d226
2023-04-08 15:24:40 docker[docker/compose:1.29.2] - Container docker/compose:1.29.2 started in PT5.7832181S
2023-04-08 15:24:40 docker[docker/compose:1.29.2] - Docker Compose container is running for command: down -v
2023-04-08 15:24:40 docker[docker/compose:1.29.2] - Docker Compose has finished running
2023-04-08 15:24:40 docker[docker/compose:1.29.2] - STDERR: Stopping 6mxuwfru2vvn_server_1   ... 
2023-04-08 15:24:40 docker[docker/compose:1.29.2] - STDERR: Stopping 6mxuwfru2vvn_database_1 ... 
2023-04-08 15:24:40 docker[docker/compose:1.29.2] - STDERR: Stopping 6mxuwfru2vvn_server_1   ... done
2023-04-08 15:24:40 docker[docker/compose:1.29.2] - STDERR: Stopping 6mxuwfru2vvn_database_1 ... done
2023-04-08 15:24:40 docker[docker/compose:1.29.2] - STDERR: Removing 6mxuwfru2vvn_server_1   ... 
2023-04-08 15:24:40 docker[docker/compose:1.29.2] - STDERR: Removing 6mxuwfru2vvn_database_1 ... 
2023-04-08 15:24:40 docker[docker/compose:1.29.2] - STDERR: Removing 6mxuwfru2vvn_database_1 ... done
2023-04-08 15:24:40 docker[docker/compose:1.29.2] - STDERR: Removing 6mxuwfru2vvn_server_1   ... done
2023-04-08 15:24:40 docker[docker/compose:1.29.2] - STDERR: Removing network 6mxuwfru2vvn_default
2023-04-08 15:24:41 com.zaxxer.hikari.HikariDataSource - HikariPool-1 - Shutdown initiated...
2023-04-08 15:24:41 com.zaxxer.hikari.HikariDataSource - HikariPool-1 - Shutdown completed.
